No configuration files found, running without config
Skipping module federation shared dependency '@material-ui/styles' because it could not be resolved.
  170.02 kB  [2mdist/static/[22m[36mvendor.4b16ac76.js[39m
  133.89 kB  [2mdist/static/[22m[36mmodule-backstage.f1c93741.js[39m
  124.18 kB  [2mdist/static/[22m[36m9368.60a7579e.chunk.js[39m
  93.05 kB   [2mdist/static/[22m[36mmodule-zod.2b64bd6c.js[39m
  53.59 kB   [2mdist/static/[22m[36mmodule-material-ui.ed9a5bb9.js[39m
  51.94 kB   [2mdist/static/[22m[36m50.e6f3487f.chunk.js[39m
  50 kB      [2mdist/static/[22m[36mmodule-react-aria.3200342e.js[39m
  48.89 kB   [2mdist/static/[22m[36m645.202c9f99.chunk.js[39m
  46.87 kB   [2mdist/static/[22m[36m7454.ede54db5.chunk.js[39m
  46.14 kB   [2mdist/static/[22m[36mmodule-parse5.51f523e0.js[39m
  41.2 kB    [2mdist/static/[22m[36mmodule-react-dom.7f19ef28.js[39m
  34.77 kB   [2mdist/static/[22m[36m8106.095eb165.chunk.js[39m
  32.63 kB   [2mdist/static/[22m[36mreact-syntax-highlighter_languages_highlight_mathematica.33e448d3.chunk.js[39m
  32.62 kB   [2mdist/static/[22m[36mmodule-motion-dom.014ab6eb.js[39m
  32.17 kB   [2mdist/static/[22m[36m8771.6bc8d146.chunk.js[39m
  30.82 kB   [2mdist/static/[22m[36mmodule-lodash.c6738ec1.js[39m
  29.04 kB   [2mdist/static/[22m[36mmodule-ajv.0c7da8ff.js[39m
  17.76 kB   [2mdist/static/[22m[36mmodule-remix-run.1a38ce5e.js[39m
  17.31 kB   [2mdist/static/[22m[36m7706.a3085e76.chunk.js[39m
  16.94 kB   [2mdist/static/[22m[36mreact-syntax-highlighter_languages_highlight_isbl.e2330401.chunk.js[39m
  14.67 kB   [2mdist/static/[22m[36mmodule-i18next.8367b57e.js[39m
  13.16 kB   [2mdist/static/[22m[36mreact-syntax-highlighter_languages_highlight_gml.d020453b.chunk.js[39m
  12.64 kB   [2mdist/static/[22m[36mvendor.20a9d364.css[39m
  11.75 kB   [2mdist/static/[22m[36mmodule-framer-motion.174b61ad.js[39m
  10.91 kB   [2mdist/static/[22m[36m7704.8b50b7b8.chunk.js[39m
  10.82 kB   [2mdist/static/[22m[36mreact-syntax-highlighter_languages_highlight_maxima.83f1a78d.chunk.js[39m
  10.71 kB   [2mdist/static/[22m[36mreact-syntax-highlighter_languages_highlight_sqf.fe8bd572.chunk.js[39m
  10.57 kB   [2mdist/static/[22m[36mreact-syntax-highlighter_languages_highlight_oneC.0bb3a51f.chunk.js[39m
  10.3 kB    [2mdist/static/[22m[36mmodule-mui.a6c1e849.js[39m
  9.63 kB    [2mdist/static/[22m[36mmodule-react-hook-form.d4f420d2.js[39m
  9.17 kB    [2mdist/static/[22m[36mmodule-react-aria-components.fb4f73ee.js[39m
  9.12 kB    [2mdist/static/react-syntax-highlighter/[22m[36mlowlight-import.f3de6db1.chunk.js[39m
  9.09 kB    [2mdist/static/[22m[36mmodule-typespec.643d13c4.js[39m
  7.19 kB    [2mdist/static/[22m[36mreact-syntax-highlighter_languages_highlight_pgsql.a4d9d33b.chunk.js[39m
  7.03 kB    [2mdist/static/[22m[36mreact-syntax-highlighter_languages_highlight_x86asm.14d90fc1.chunk.js[39m
  6.97 kB    [2mdist/static/[22m[36mmodule-micromark-core-commonmark.e064ed1b.js[39m
  6.67 kB    [2mdist/static/[22m[36mreact-syntax-highlighter_languages_highlight_stata.fa4cb9d1.chunk.js[39m
  6.64 kB    [2mdist/static/[22m[36mreact-syntax-highlighter_languages_highlight_mel.d1aff958.chunk.js[39m
  6.39 kB    [2mdist/static/[22m[36mmain.9616e6cc.js[39m
  6.16 kB    [2mdist/static/[22m[36mreact-syntax-highlighter_languages_highlight_lsl.bb944981.chunk.js[39m
  5.56 kB    [2mdist/static/[22m[36m5570.2209000b.chunk.js[39m
  5.42 kB    [2mdist/static/[22m[36m9785.9d54b0ae.chunk.js[39m
  5.37 kB    [2mdist/static/[22m[36mreact-syntax-highlighter_languages_highlight_gauss.a606ef37.chunk.js[39m
  5.35 kB    [2mdist/static/[22m[36mruntime.ada5bba6.js[39m
  5.34 kB    [2mdist/static/[22m[36mreact-syntax-highlighter_languages_highlight_sqlMore.97207dc9.chunk.js[39m
  4.19 kB    [2mdist/static/[22m[36mreact-syntax-highlighter_languages_highlight_arduino.db75ab45.chunk.js[39m
  4.16 kB    [2mdist/static/[22m[36mreact-syntax-highlighter_languages_highlight_vim.4ad2d6ea.chunk.js[39m
  3.92 kB    [2mdist/static/[22m[36m4864.042c846c.chunk.js[39m
  3.77 kB    [2mdist/static/[22m[36m4500.78f0069e.chunk.js[39m
  3.48 kB    [2mdist/static/[22m[36mreact-syntax-highlighter_languages_highlight_livecodeserver.101a2a87.chunk.js[39m
  3.25 kB    [2mdist/static/[22m[36m452.56f252d1.chunk.js[39m
  3.23 kB    [2mdist/static/[22m[36mreact-syntax-highlighter_languages_highlight_swift.439d762a.chunk.js[39m
  3.07 kB    [2mdist/static/[22m[36m898.6cf01e49.chunk.js[39m
  2.99 kB    [2mdist/static/[22m[36mreact-syntax-highlighter_languages_highlight_scss.1a64a1da.chunk.js[39m
  2.92 kB    [2mdist/static/[22m[36mreact-syntax-highlighter_languages_highlight_less.21b88978.chunk.js[39m
  2.67 kB    [2mdist/static/[22m[36mreact-syntax-highlighter_languages_highlight_autoit.84df6890.chunk.js[39m
  2.66 kB    [2mdist/static/[22m[36mreact-syntax-highlighter_languages_highlight_stylus.78c744cc.chunk.js[39m
  2.65 kB    [2mdist/static/[22m[36mreact-syntax-highlighter_languages_highlight_glsl.8c138519.chunk.js[39m
  2.61 kB    [2mdist/static/[22m[36mreact-syntax-highlighter_languages_highlight_css.9601ca23.chunk.js[39m
  2.58 kB    [2mdist/static/[22m[36mreact-syntax-highlighter_languages_highlight_nsis.fd5d5a0b.chunk.js[39m
  2.54 kB    [2mdist/static/[22m[36mreact-syntax-highlighter_languages_highlight_typescript.ca76379d.chunk.js[39m
  2.49 kB    [2mdist/static/[22m[36mreact-syntax-highlighter_languages_highlight_sql.a7024537.chunk.js[39m
  2.49 kB    [2mdist/static/[22m[36mreact-syntax-highlighter_languages_highlight_xquery.fe3b35d8.chunk.js[39m
  2.36 kB    [2mdist/static/[22m[36mreact-syntax-highlighter_languages_highlight_fortran.e303b879.chunk.js[39m
  2.36 kB    [2mdist/static/[22m[36mreact-syntax-highlighter_languages_highlight_cLike.b49b06f1.chunk.js[39m
  2.36 kB    [2mdist/static/[22m[36mreact-syntax-highlighter_languages_highlight_irpf90.6b6ba6b0.chunk.js[39m
  2.33 kB    [2mdist/static/[22m[36mreact-syntax-highlighter_languages_highlight_stan.59b5a57f.chunk.js[39m
  2.28 kB    [2mdist/static/[22m[36mreact-syntax-highlighter_languages_highlight_cpp.273b9890.chunk.js[39m
  2.25 kB    [2mdist/static/[22m[36mreact-syntax-highlighter_languages_highlight_verilog.bd4a61e1.chunk.js[39m
  2.22 kB    [2mdist/static/[22m[36mreact-syntax-highlighter_languages_highlight_powershell.733dbf90.chunk.js[39m
  2.21 kB    [2mdist/static/[22m[36mreact-syntax-highlighter_languages_highlight_javascript.94f83fb1.chunk.js[39m
  2.18 kB    [2mdist/static/[22m[36mreact-syntax-highlighter_languages_highlight_excel.034d1097.chunk.js[39m
  2.12 kB    [2mdist/static/[22m[36mreact-syntax-highlighter_languages_highlight_c.3fde2aec.chunk.js[39m
  2.08 kB    [2mdist/static/[22m[36mmodule-remixicon.984616c4.js[39m
  2.04 kB    [2mdist/static/[22m[36mreact-syntax-highlighter_languages_highlight_puppet.3b85cdcb.chunk.js[39m
  2.02 kB    [2mdist/static/[22m[36m4107.80c9a303.chunk.js[39m
  1.99 kB    [2mdist/static/[22m[36mreact-syntax-highlighter_languages_highlight_armasm.484f1a9a.chunk.js[39m
  1.97 kB    [2mdist/static/[22m[36mreact-syntax-highlighter_languages_highlight_clojure.28b63723.chunk.js[39m
  1.93 kB    [2mdist/static/[22m[36mreact-syntax-highlighter_languages_highlight_perl.66f0f063.chunk.js[39m
  1.91 kB    [2mdist/static/[22m[36mreact-syntax-highlighter_languages_highlight_php.7f5dffb3.chunk.js[39m
  1.91 kB    [2mdist/static/[22m[36mreact-syntax-highlighter_languages_highlight_sas.c72ae425.chunk.js[39m
  1.87 kB    [2mdist/static/[22m[36mreact-syntax-highlighter_languages_highlight_julia.13b1025e.chunk.js[39m
  1.82 kB    [2mdist/static/[22m[36mreact-syntax-highlighter_languages_highlight_coq.5b9aa5e4.chunk.js[39m
  1.73 kB    [2mdist/static/[22m[36mreact-syntax-highlighter_languages_highlight_ruleslanguage.72b8a332.chunk.js[39m
  1.7 kB     [2mdist/static/[22m[36mreact-syntax-highlighter_languages_highlight_hsp.74738581.chunk.js[39m
  1.64 kB    [2mdist/static/[22m[36mreact-syntax-highlighter_languages_highlight_processing.7232dbb6.chunk.js[39m
  1.63 kB    [2mdist/static/[22m[36mreact-syntax-highlighter_languages_highlight_ruby.3bd09cc0.chunk.js[39m
  1.63 kB    [2mdist/static/[22m[36mreact-syntax-highlighter_languages_highlight_hy.0d8a6abd.chunk.js[39m
  1.62 kB    [2mdist/static/[22m[36mreact-syntax-highlighter_languages_highlight_csharp.5c0a1638.chunk.js[39m
  1.61 kB    [2mdist/static/[22m[36mreact-syntax-highlighter_languages_highlight_latex.de6f560f.chunk.js[39m
  1.6 kB     [2mdist/static/[22m[36mreact-syntax-highlighter_languages_highlight_livescript.78205d48.chunk.js[39m
  1.58 kB    [2mdist/static/[22m[36mreact-syntax-highlighter_languages_highlight_scheme.9a2f22f9.chunk.js[39m
  1.56 kB    [2mdist/static/[22m[36mreact-syntax-highlighter_languages_highlight_r.59d51299.chunk.js[39m
  1.52 kB    [2mdist/static/[22m[36m447.c855cb9d.chunk.js[39m
  1.52 kB    [2mdist/static/[22m[36mreact-syntax-highlighter_languages_highlight_mipsasm.05006a32.chunk.js[39m
  1.51 kB    [2mdist/static/[22m[36mreact-syntax-highlighter_languages_highlight_vbnet.d4bf8d06.chunk.js[39m
  1.51 kB    [2mdist/static/[22m[36mreact-syntax-highlighter_languages_highlight_applescript.f6506d6b.chunk.js[39m
  1.5 kB     [2mdist/static/[22m[36mreact-syntax-highlighter_languages_highlight_gams.c4926258.chunk.js[39m
  1.5 kB     [2mdist/static/[22m[36mreact-syntax-highlighter_languages_highlight_n1ql.10c4dd4d.chunk.js[39m
  1.49 kB    [2mdist/static/[22m[36mreact-syntax-highlighter_languages_highlight_llvm.a77caf4d.chunk.js[39m
  1.49 kB    [2mdist/static/[22m[36mreact-syntax-highlighter_languages_highlight_python.3fcade18.chunk.js[39m
  1.48 kB    [2mdist/static/[22m[36mreact-syntax-highlighter_languages_highlight_objectivec.266a0866.chunk.js[39m
  1.48 kB    [2mdist/static/[22m[36mreact-syntax-highlighter_languages_highlight_lasso.2d206eb8.chunk.js[39m
  1.47 kB    [2mdist/static/[22m[36mreact-syntax-highlighter_languages_highlight_kotlin.703e3be0.chunk.js[39m
  1.46 kB    [2mdist/static/[22m[36mreact-syntax-highlighter_languages_highlight_arcade.b7bb742a.chunk.js[39m
  1.44 kB    [2mdist/static/[22m[36mreact-syntax-highlighter_languages_highlight_coffeescript.69a16bd9.chunk.js[39m
  1.44 kB    [2mdist/static/[22m[36mreact-syntax-highlighter_languages_highlight_crystal.ecb5c1e0.chunk.js[39m
  1.42 kB    [2mdist/static/[22m[36mreact-syntax-highlighter_languages_highlight_routeros.6ff63464.chunk.js[39m
  1.41 kB    [2mdist/static/[22m[36mreact-syntax-highlighter_languages_highlight_qml.fdef9b0e.chunk.js[39m
  1.39 kB    [2mdist/static/[22m[36mreact-syntax-highlighter_languages_highlight_reasonml.35b854e2.chunk.js[39m
  1.31 kB    [2mdist/static/[22m[36mreact-syntax-highlighter_languages_highlight_matlab.0cfa5ea1.chunk.js[39m
  1.3 kB     [2mdist/static/[22m[36mreact-syntax-highlighter_languages_highlight_rust.e279dae0.chunk.js[39m
  1.24 kB    [2mdist/static/[22m[36m3959.09767e57.chunk.js[39m
  1.24 kB    [2mdist/static/[22m[36mreact-syntax-highlighter_languages_highlight_d.30751567.chunk.js[39m
  1.21 kB    [2mdist/static/[22m[36mreact-syntax-highlighter_languages_highlight_avrasm.b9baaf25.chunk.js[39m
  1.2 kB     [2mdist/static/[22m[36mreact-syntax-highlighter_languages_highlight_bash.c41d9f95.chunk.js[39m
  1.15 kB    [2mdist/static/[22m[36mreact-syntax-highlighter_languages_highlight_oxygene.168e8541.chunk.js[39m
  1.14 kB    [2mdist/static/[22m[36mreact-syntax-highlighter_languages_highlight_aspectj.54dcc37d.chunk.js[39m
  1.14 kB    [2mdist/static/[22m[36mreact-syntax-highlighter_languages_highlight_delphi.00b5d672.chunk.js[39m
  1.14 kB    [2mdist/static/[22m[36mreact-syntax-highlighter_languages_highlight_lua.e03ff772.chunk.js[39m
  1.12 kB    [2mdist/static/[22m[36mmodule-azure.5f33926a.js[39m
  1.12 kB    [2mdist/static/[22m[36mreact-syntax-highlighter_languages_highlight_cmake.5ae9b4de.chunk.js[39m
  1.12 kB    [2mdist/static/[22m[36mreact-syntax-highlighter_languages_highlight_htmlbars.634b2eb9.chunk.js[39m
  1.1 kB     [2mdist/static/[22m[36mreact-syntax-highlighter_languages_highlight_java.c7481a49.chunk.js[39m
  1.07 kB    [2mdist/static/[22m[36mreact-syntax-highlighter_languages_highlight_mercury.181ea457.chunk.js[39m
  1.07 kB    [2mdist/static/[22m[36mreact-syntax-highlighter_languages_highlight_tcl.65c47a1e.chunk.js[39m
  1.07 kB    [2mdist/static/[22m[36mreact-syntax-highlighter_languages_highlight_dart.b2734966.chunk.js[39m
  1.06 kB    [2mdist/static/[22m[36mreact-syntax-highlighter_languages_highlight_vhdl.65741630.chunk.js[39m
  1.06 kB    [2mdist/static/[22m[36mreact-syntax-highlighter_languages_highlight_handlebars.89a6e7a2.chunk.js[39m
  1.05 kB    [2mdist/static/[22m[36mreact-syntax-highlighter_languages_highlight_elixir.ad550039.chunk.js[39m
  1.05 kB    [2mdist/static/[22m[36mreact-syntax-highlighter_languages_highlight_vbscript.c1ff6115.chunk.js[39m
  1.04 kB    [2mdist/static/[22m[36mreact-syntax-highlighter_languages_highlight_erlang.f7d62683.chunk.js[39m
  1.03 kB    [2mdist/static/[22m[36m1912.e7026c41.chunk.js[39m
  1.03 kB    [2mdist/static/[22m[36mreact-syntax-highlighter_languages_highlight_asciidoc.8378b2f9.chunk.js[39m
  1.02 kB    [2mdist/static/[22m[36m6238.a0913034.chunk.js[39m
  1.01 kB    [2mdist/static/[22m[36mreact-syntax-highlighter_languages_highlight_basic.86804e9c.chunk.js[39m
  1.01 kB    [2mdist/static/[22m[36mreact-syntax-highlighter_languages_highlight_xl.4db750e4.chunk.js[39m
  997 B      [2mdist/static/[22m[36mreact-syntax-highlighter_languages_highlight_django.6557168f.chunk.js[39m
  994 B      [2mdist/static/[22m[36mreact-syntax-highlighter_languages_highlight_ada.4e3dad9b.chunk.js[39m
  967 B      [2mdist/static/[22m[36mreact-syntax-highlighter_languages_highlight_gradle.1cc00f3c.chunk.js[39m
  949 B      [2mdist/static/[22m[36mreact-syntax-highlighter_languages_highlight_groovy.f9e024f4.chunk.js[39m
  948 B      [2mdist/static/[22m[36mreact-syntax-highlighter_languages_highlight_moonscript.3f643e55.chunk.js[39m
  939 B      [2mdist/static/[22m[36mreact-syntax-highlighter_languages_highlight_tp.3b8db417.chunk.js[39m
  938 B      [2mdist/static/[22m[36mreact-syntax-highlighter_languages_highlight_zephir.c451da8b.chunk.js[39m
  922 B      [2mdist/static/[22m[36mreact-syntax-highlighter_languages_highlight_axapta.64b32d9a.chunk.js[39m
  921 B      [2mdist/static/[22m[36m8483.a8b780c0.chunk.js[39m
  903 B      [2mdist/static/[22m[36mreact-syntax-highlighter_languages_highlight_xml.1abfb0c9.chunk.js[39m
  887 B      [2mdist/static/[22m[36mreact-syntax-highlighter_languages_highlight_purebasic.8f3653bd.chunk.js[39m
  872 B      [2mdist/static/[22m[36mreact-syntax-highlighter_languages_highlight_markdown.14cdc389.chunk.js[39m
  870 B      [2mdist/static/[22m[36mreact-syntax-highlighter_languages_highlight_angelscript.7ac28ac0.chunk.js[39m
  869 B      [2mdist/static/[22m[36mreact-syntax-highlighter_languages_highlight_yaml.2d5a2d5c.chunk.js[39m
  867 B      [2mdist/static/[22m[36mreact-syntax-highlighter_languages_highlight_pf.a1b6b193.chunk.js[39m
  860 B      [2mdist/static/[22m[36mreact-syntax-highlighter_languages_highlight_nim.de966fce.chunk.js[39m
  853 B      [2mdist/static/[22m[36mreact-syntax-highlighter_languages_highlight_haxe.8db253d6.chunk.js[39m
  837 B      [2mdist/static/[22m[36mreact-syntax-highlighter_languages_highlight_q.46fec5b2.chunk.js[39m
  836 B      [2mdist/static/[22m[36mreact-syntax-highlighter_languages_highlight_scilab.968d65ed.chunk.js[39m
  832 B      [2mdist/static/[22m[36mreact-syntax-highlighter_languages_highlight_openscad.43ef44d4.chunk.js[39m
  827 B      [2mdist/static/[22m[36mreact-syntax-highlighter_languages_highlight_haskell.4ce41f3e.chunk.js[39m
  827 B      [2mdist/static/[22m[36m9269.d7774c48.chunk.js[39m
  827 B      [2mdist/static/[22m[36mreact-syntax-highlighter_languages_highlight_monkey.a3c571ed.chunk.js[39m
  820 B      [2mdist/static/[22m[36mreact-syntax-highlighter_languages_highlight_cos.d13c9139.chunk.js[39m
  819 B      [2mdist/static/[22m[36mreact-syntax-highlighter_languages_highlight_rib.5dcd3ac3.chunk.js[39m
  817 B      [2mdist/static/[22m[36mreact-syntax-highlighter_languages_highlight_dos.e6c8b91f.chunk.js[39m
  814 B      [2mdist/static/[22m[36mreact-syntax-highlighter_languages_highlight_ocaml.50235883.chunk.js[39m
  804 B      [2mdist/static/[22m[36mreact-syntax-highlighter_languages_highlight_crmsh.4a15a43b.chunk.js[39m
  789 B      [2mdist/static/[22m[36mreact-syntax-highlighter_languages_highlight_scala.6ad1c531.chunk.js[39m
  786 B      [2mdist/static/[22m[36mreact-syntax-highlighter_languages_highlight_twig.01905ead.chunk.js[39m
  780 B      [2mdist/static/[22m[36mreact-syntax-highlighter_languages_highlight_fsharp.25fb07a3.chunk.js[39m
  770 B      [2mdist/static/[22m[36mreact-syntax-highlighter_languages_highlight_actionscript.e3755bd2.chunk.js[39m
  764 B      [2mdist/static/[22m[36mreact-syntax-highlighter_languages_highlight_sml.0f3d3cae.chunk.js[39m
  757 B      [2mdist/static/[22m[36mreact-syntax-highlighter_languages_highlight_ceylon.31e9f307.chunk.js[39m
  744 B      [2mdist/static/[22m[36mreact-syntax-highlighter_languages_highlight_nginx.42f795bd.chunk.js[39m
  729 B      [2mdist/static/[22m[36mreact-syntax-highlighter_languages_highlight_dts.e18980ed.chunk.js[39m
  726 B      [2mdist/static/[22m[36mreact-syntax-highlighter_languages_highlight_rsl.0553b6f6.chunk.js[39m
  711 B      [2mdist/static/[22m[36mreact-syntax-highlighter_languages_highlight_lisp.5f78f4dc.chunk.js[39m
  689 B      [2mdist/static/[22m[36mreact-syntax-highlighter_languages_highlight_makefile.84cd57ee.chunk.js[39m
  683 B      [2mdist/static/[22m[36mreact-syntax-highlighter_languages_highlight_ini.48a68bb0.chunk.js[39m
  677 B      [2mdist/static/[22m[36mreact-syntax-highlighter_languages_highlight_go.72fbdf58.chunk.js[39m
  672 B      [2mdist/static/[22m[36mreact-syntax-highlighter_languages_highlight_vala.56565d6b.chunk.js[39m
  664 B      [2mdist/static/[22m[36mreact-syntax-highlighter_languages_highlight_dns.2a1465c0.chunk.js[39m
  662 B      [2mdist/static/[22m[36mreact-syntax-highlighter_languages_highlight_gcode.ed0df039.chunk.js[39m
  659 B      [2mdist/static/[22m[36mreact-syntax-highlighter_languages_highlight_cal.2b8ff3c1.chunk.js[39m
  658 B      [2mdist/static/[22m[36mreact-syntax-highlighter_languages_highlight_pony.8d7e1441.chunk.js[39m
  643 B      [2mdist/static/[22m[36mreact-syntax-highlighter_languages_highlight_autohotkey.613b4e83.chunk.js[39m
  636 B      [2mdist/static/[22m[36mreact-syntax-highlighter_languages_highlight_elm.c531551f.chunk.js[39m
  628 B      [2mdist/static/[22m[36mreact-syntax-highlighter_languages_highlight_smali.f6138b96.chunk.js[39m
  611 B      [2mdist/static/[22m[36mreact-syntax-highlighter_languages_highlight_jbossCli.81336adc.chunk.js[39m
  591 B      [2mdist/static/[22m[36mreact-syntax-highlighter_languages_highlight_erlangRepl.0b534366.chunk.js[39m
  582 B      [2mdist/static/[22m[36mreact-syntax-highlighter_languages_highlight_haml.4d64e978.chunk.js[39m
  577 B      [2mdist/static/[22m[36mreact-syntax-highlighter_languages_highlight_apache.0c21818d.chunk.js[39m
  577 B      [2mdist/static/[22m[36mreact-syntax-highlighter_languages_highlight_capnproto.bb237a08.chunk.js[39m
  563 B      [2mdist/static/[22m[36m8400.90a263bf.chunk.js[39m
  561 B      [2mdist/static/[22m[36mreact-syntax-highlighter_languages_highlight_http.d4b10c11.chunk.js[39m
  542 B      [2mdist/static/[22m[36mreact-syntax-highlighter_languages_highlight_protobuf.58832c8e.chunk.js[39m
  536 B      [2mdist/static/[22m[36mreact-syntax-highlighter_languages_highlight_mizar.63dcec4f.chunk.js[39m
  528 B      [2mdist/static/[22m[36mreact-syntax-highlighter_languages_highlight_abnf.0b17c6ce.chunk.js[39m
  517 B      [2mdist/static/[22m[36mreact-syntax-highlighter_languages_highlight_accesslog.358f39f9.chunk.js[39m
  516 B      [2mdist/static/[22m[36mreact-syntax-highlighter_languages_highlight_nix.222f168e.chunk.js[39m
  512 B      [2mdist/static/[22m[36mreact-syntax-highlighter_languages_highlight_thrift.5dd9674c.chunk.js[39m
  507 B      [2mdist/static/[22m[36mreact-syntax-highlighter_languages_highlight_inform7.bf17d117.chunk.js[39m
  498 B      [2mdist/static/[22m[36mreact-syntax-highlighter_languages_highlight_smalltalk.2369e13f.chunk.js[39m
  495 B      [2mdist/static/[22m[36m2036.e6bb2f6d.chunk.js[39m
  493 B      [2mdist/static/[22m[36m324.ecd3fcc5.chunk.js[39m
  491 B      [2mdist/static/[22m[36m2837.f8709a3a.chunk.js[39m
  490 B      [2mdist/static/[22m[36m9065.c301e1e3.chunk.js[39m
  490 B      [2mdist/static/[22m[36mreact-syntax-highlighter_languages_highlight_clean.9d3547ea.chunk.js[39m
  487 B      [2mdist/static/[22m[36m3186.bc3b7199.chunk.js[39m
  487 B      [2mdist/static/[22m[36mreact-syntax-highlighter_languages_highlight_flix.de664008.chunk.js[39m
  486 B      [2mdist/static/[22m[36m1595.cbe16aaf.chunk.js[39m
  486 B      [2mdist/static/[22m[36mreact-syntax-highlighter_languages_highlight_step21.1385bb78.chunk.js[39m
  483 B      [2mdist/static/[22m[36mreact-syntax-highlighter_languages_highlight_golo.b995e2ae.chunk.js[39m
  477 B      [2mdist/static/[22m[36mreact-syntax-highlighter_languages_highlight_roboconf.d1e03d31.chunk.js[39m
  476 B      [2mdist/static/[22m[36mreact-syntax-highlighter_languages_highlight_prolog.0d29ceaa.chunk.js[39m
  472 B      [2mdist/static/[22m[36mreact-syntax-highlighter_languages_highlight_awk.606ac726.chunk.js[39m
  461 B      [2mdist/static/[22m[36mreact-syntax-highlighter_languages_highlight_properties.4fd5e4fe.chunk.js[39m
  461 B      [2mdist/static/[22m[36mreact-syntax-highlighter_languages_highlight_json.52b1f1cd.chunk.js[39m
  445 B      [2mdist/static/[22m[36mreact-syntax-highlighter_languages_highlight_parser3.2257148c.chunk.js[39m
  438 B      [2mdist/static/[22m[36mreact-syntax-highlighter_languages_highlight_gherkin.aaaf90d5.chunk.js[39m
  418 B      [2mdist/static/[22m[36mreact-syntax-highlighter_languages_highlight_dockerfile.1eb66c47.chunk.js[39m
  405 B      [2mdist/static/[22m[36mreact-syntax-highlighter_languages_highlight_profile.d3a4838a.chunk.js[39m
  404 B      [2mdist/static/[22m[36mreact-syntax-highlighter_languages_highlight_dust.4aee5867.chunk.js[39m
  403 B      [2mdist/static/[22m[36mreact-syntax-highlighter_languages_highlight_subunit.d9f36aac.chunk.js[39m
  396 B      [2mdist/static/[22m[36mreact-syntax-highlighter_languages_highlight_csp.9f4debdb.chunk.js[39m
  394 B      [2mdist/static/[22m[36mreact-syntax-highlighter_languages_highlight_dsconfig.f6a99a9f.chunk.js[39m
  388 B      [2mdist/static/[22m[36mreact-syntax-highlighter_languages_highlight_diff.0824f40e.chunk.js[39m
  385 B      [2mdist/static/[22m[36mreact-syntax-highlighter_languages_highlight_ebnf.1d0ba17d.chunk.js[39m
  373 B      [2mdist/static/[22m[36mreact-syntax-highlighter_languages_highlight_tap.c0d56c87.chunk.js[39m
  355 B      [2mdist/static/[22m[36mreact-syntax-highlighter_languages_highlight_phpTemplate.0594bbd3.chunk.js[39m
  346 B      [2mdist/static/[22m[36mreact-syntax-highlighter_languages_highlight_taggerscript.16ff1ef4.chunk.js[39m
  343 B      [2mdist/static/[22m[36mreact-syntax-highlighter_languages_highlight_brainfuck.96bc3d59.chunk.js[39m
  332 B      [2mdist/static/[22m[36mreact-syntax-highlighter_languages_highlight_leaf.255f2e03.chunk.js[39m
  321 B      [2mdist/static/[22m[36mreact-syntax-highlighter_languages_highlight_fix.b0c6fd67.chunk.js[39m
  312 B      [2mdist/static/[22m[36mreact-syntax-highlighter_languages_highlight_ldif.a80152e6.chunk.js[39m
  311 B      [2mdist/static/[22m[36mreact-syntax-highlighter_languages_highlight_mojolicious.9af97880.chunk.js[39m
  309 B      [2mdist/static/[22m[36mreact-syntax-highlighter_languages_highlight_bnf.9dbd6d4c.chunk.js[39m
  297 B      [2mdist/static/[22m[36mreact-syntax-highlighter_languages_highlight_shell.c7aa9e91.chunk.js[39m
  289 B      [2mdist/static/[22m[36mreact-syntax-highlighter_languages_highlight_pythonRepl.90fdb725.chunk.js[39m
  289 B      [2mdist/static/[22m[36mreact-syntax-highlighter_languages_highlight_nodeRepl.7fc68790.chunk.js[39m
  287 B      [2mdist/static/[22m[36mreact-syntax-highlighter_languages_highlight_juliaRepl.fa57386e.chunk.js[39m
  280 B      [2mdist/static/[22m[36mreact-syntax-highlighter_languages_highlight_erb.a000b125.chunk.js[39m
  277 B      [2mdist/static/[22m[36m821.f40f7a63.chunk.js[39m
  270 B      [2mdist/static/[22m[36mreact-syntax-highlighter_languages_highlight_clojureRepl.e24f3e89.chunk.js[39m
  251 B      [2mdist/static/[22m[36mreact-syntax-highlighter_languages_highlight_vbscriptHtml.290568a0.chunk.js[39m
  228 B      [2mdist/static/[22m[36mreact-syntax-highlighter_languages_highlight_plaintext.6d37fac8.chunk.js[39m
  100 B      [2mdist/static/[22m[36m2468.01ff219c.chunk.js[39m
